[debug] [2021-06-23T14:07:19.397Z] ----------------------------------------------------------------------
[debug] [2021-06-23T14:07:19.399Z] Command:       /usr/local/bin/node /Users/joannsiciliano/.nvm/versions/node/v15.11.0/bin/firebase init
[debug] [2021-06-23T14:07:19.399Z] CLI Version:   9.10.2
[debug] [2021-06-23T14:07:19.399Z] Platform:      darwin
[debug] [2021-06-23T14:07:19.399Z] Node Version:  v14.17.0
[debug] [2021-06-23T14:07:19.400Z] Time:          Wed Jun 23 2021 08:07:19 GMT-0600 (Mountain Daylight Time)
[debug] [2021-06-23T14:07:19.400Z] ----------------------------------------------------------------------
[debug] 
[debug] [2021-06-23T14:07:19.405Z] >>> [apiv2][query] GET https://firebase-public.firebaseio.com/cli.json [none]
[debug] [2021-06-23T14:07:19.422Z] > command requires scopes: ["email","openid","https://www.googleapis.com/auth/cloudplatformprojects.readonly","https://www.googleapis.com/auth/firebase","https://www.googleapis.com/auth/cloud-platform"]
[debug] [2021-06-23T14:07:19.423Z] > authorizing via signed-in user (joannsiciliano@gmail.com)
[info] 
     ######## #### ########  ######## ########     ###     ######  ########
     ##        ##  ##     ## ##       ##     ##  ##   ##  ##       ##
     ######    ##  ########  ######   ########  #########  ######  ######
     ##        ##  ##    ##  ##       ##     ## ##     ##       ## ##
     ##       #### ##     ## ######## ########  ##     ##  ######  ########

You're about to initialize a Firebase project in this directory:

  /Users/joannsiciliano/phase5/internet-frontend

[debug] [2021-06-23T14:07:19.559Z] <<< [apiv2][status] GET https://firebase-public.firebaseio.com/cli.json 200
[debug] [2021-06-23T14:07:19.560Z] <<< [apiv2][body] GET https://firebase-public.firebaseio.com/cli.json {"cloudBuildErrorAfter":1594252800000,"cloudBuildWarnAfter":1590019200000,"defaultNode10After":1594252800000,"minVersion":"3.0.5","node8DeploysDisabledAfter":1613390400000,"node8RuntimeDisabledAfter":1615809600000,"node8WarnAfter":1600128000000}
